<?xml version="1.0" encoding="UTF-8"?>
<coverage generated="1733672592664" clover="3.2.0">
  <project timestamp="1733672592664" name="All files">
    <metrics statements="52" coveredstatements="52" conditionals="21" coveredconditionals="20" methods="9" coveredmethods="9" elements="82" coveredelements="81" complexity="0" loc="52" ncloc="52" packages="1" files="2" classes="2"/>
    <file name="Signin.tsx" path="/Users/rmishra/Music _Player_App/auth/src/components/Signin.tsx">
      <metrics statements="30" coveredstatements="30" conditionals="8" coveredconditionals="7" methods="5" coveredmethods="5"/>
      <line num="1" count="1" type="stmt"/>
      <line num="2" count="1" type="stmt"/>
      <line num="15" count="1" type="stmt"/>
      <line num="16" count="1" type="stmt"/>
      <line num="17" count="1" type="stmt"/>
      <line num="18" count="1" type="stmt"/>
      <line num="20" count="1" type="stmt"/>
      <line num="26" count="15" type="stmt"/>
      <line num="27" count="15" type="stmt"/>
      <line num="28" count="15" type="stmt"/>
      <line num="29" count="15" type="stmt"/>
      <line num="30" count="15" type="stmt"/>
      <line num="32" count="15" type="stmt"/>
      <line num="33" count="4" type="stmt"/>
      <line num="35" count="4" type="cond" truecount="3" falsecount="0"/>
      <line num="36" count="1" type="stmt"/>
      <line num="37" count="1" type="stmt"/>
      <line num="41" count="3" type="stmt"/>
      <line num="45" count="2" type="stmt"/>
      <line num="46" count="2" type="cond" truecount="1" falsecount="1"/>
      <line num="47" count="2" type="stmt"/>
      <line num="48" count="2" type="cond" truecount="1" falsecount="0"/>
      <line num="49" count="2" type="stmt"/>
      <line num="52" count="1" type="stmt"/>
      <line num="53" count="1" type="stmt"/>
      <line num="54" count="1" type="stmt"/>
      <line num="58" count="15" type="stmt"/>
      <line num="94" count="3" type="stmt"/>
      <line num="110" count="3" type="stmt"/>
      <line num="148" count="1" type="stmt"/>
    </file>
    <file name="Singnup.tsx" path="/Users/rmishra/Music _Player_App/auth/src/components/Singnup.tsx">
      <metrics statements="22" coveredstatements="22" conditionals="13" coveredconditionals="13" methods="4" coveredmethods="4"/>
      <line num="1" count="1" type="stmt"/>
      <line num="2" count="1" type="stmt"/>
      <line num="13" count="1" type="stmt"/>
      <line num="14" count="1" type="stmt"/>
      <line num="15" count="1" type="stmt"/>
      <line num="16" count="1" type="stmt"/>
      <line num="18" count="1" type="stmt"/>
      <line num="24" count="14" type="stmt"/>
      <line num="25" count="14" type="stmt"/>
      <line num="31" count="14" type="stmt"/>
      <line num="33" count="14" type="stmt"/>
      <line num="34" count="8" type="stmt"/>
      <line num="40" count="14" type="stmt"/>
      <line num="41" count="3" type="stmt"/>
      <line num="43" count="3" type="stmt"/>
      <line num="44" count="2" type="stmt"/>
      <line num="45" count="1" type="stmt"/>
      <line num="46" count="1" type="cond" truecount="1" falsecount="0"/>
      <line num="47" count="1" type="stmt"/>
      <line num="49" count="2" type="cond" truecount="10" falsecount="0"/>
      <line num="53" count="14" type="stmt"/>
      <line num="157" count="1" type="stmt"/>
    </file>
  </project>
</coverage>
