{"/Users/rmishra/Music _Player_App/auth/src/components/Signin.tsx": {"path":"/Users/rmishra/Music _Player_App/auth/src/components/Signin.tsx","statementMap":{"0":{"start":{"line":1,"column":0},"end":{"line":1,"column":40}},"1":{"start":{"line":2,"column":0},"end":{"line":2,"column":null}},"2":{"start":{"line":15,"column":0},"end":{"line":15,"column":64}},"3":{"start":{"line":16,"column":0},"end":{"line":16,"column":53}},"4":{"start":{"line":17,"column":0},"end":{"line":17,"column":66}},"5":{"start":{"line":18,"column":0},"end":{"line":18,"column":26}},"6":{"start":{"line":20,"column":14},"end":{"line":20,"column":27}},"7":{"start":{"line":26,"column":38},"end":{"line":146,"column":1}},"8":{"start":{"line":26,"column":54},"end":{"line":26,"column":56}},"9":{"start":{"line":27,"column":34},"end":{"line":27,"column":46}},"10":{"start":{"line":27,"column":17},"end":{"line":27,"column":19}},"11":{"start":{"line":27,"column":30},"end":{"line":27,"column":34}},"12":{"start":{"line":28,"column":34},"end":{"line":28,"column":46}},"13":{"start":{"line":28,"column":17},"end":{"line":28,"column":19}},"14":{"start":{"line":28,"column":30},"end":{"line":28,"column":34}},"15":{"start":{"line":29,"column":28},"end":{"line":29,"column":57}},"16":{"start":{"line":29,"column":14},"end":{"line":29,"column":16}},"17":{"start":{"line":29,"column":24},"end":{"line":29,"column":28}},"18":{"start":{"line":30,"column":19},"end":{"line":30,"column":32}},"19":{"start":{"line":32,"column":23},"end":{"line":56,"column":4}},"20":{"start":{"line":32,"column":48},"end":{"line":56,"column":4}},"21":{"start":{"line":33,"column":4},"end":{"line":33,"column":23}},"22":{"start":{"line":35,"column":4},"end":{"line":38,"column":5}},"23":{"start":{"line":36,"column":6},"end":{"line":36,"column":43}},"24":{"start":{"line":37,"column":6},"end":{"line":37,"column":13}},"25":{"start":{"line":41,"column":23},"end":{"line":44,"column":null}},"26":{"start":{"line":41,"column":12},"end":{"line":44,"column":null}},"27":{"start":{"line":45,"column":12},"end":{"line":45,"column":33}},"28":{"start":{"line":46,"column":6},"end":{"line":46,"column":71}},"29":{"start":{"line":47,"column":6},"end":{"line":47,"column":20}},"30":{"start":{"line":48,"column":6},"end":{"line":50,"column":7}},"31":{"start":{"line":49,"column":8},"end":{"line":49,"column":37}},"32":{"start":{"line":52,"column":6},"end":{"line":52,"column":47}},"33":{"start":{"line":53,"column":6},"end":{"line":53,"column":22}},"34":{"start":{"line":54,"column":6},"end":{"line":54,"column":22}},"35":{"start":{"line":58,"column":2},"end":{"line":145,"column":4}},"36":{"start":{"line":94,"column":31},"end":{"line":94,"column":null}},"37":{"start":{"line":110,"column":31},"end":{"line":110,"column":null}},"38":{"start":{"line":148,"column":0},"end":{"line":148,"column":22}}},"fnMap":{"0":{"name":"(anonymous_23)","decl":{"start":{"line":26,"column":38},"end":{"line":26,"column":39}},"loc":{"start":{"line":26,"column":56},"end":{"line":146,"column":1}}},"1":{"name":"(anonymous_24)","decl":{"start":{"line":32,"column":23},"end":{"line":32,"column":30}},"loc":{"start":{"line":32,"column":48},"end":{"line":56,"column":4}}},"2":{"name":"(anonymous_25)","decl":{"start":{"line":32,"column":48},"end":{"line":32,"column":null}},"loc":{"start":{"line":32,"column":48},"end":{"line":56,"column":4}}},"3":{"name":"(anonymous_27)","decl":{"start":{"line":94,"column":24},"end":{"line":94,"column":25}},"loc":{"start":{"line":94,"column":26},"end":{"line":94,"column":42}}},"4":{"name":"(anonymous_28)","decl":{"start":{"line":110,"column":24},"end":{"line":110,"column":25}},"loc":{"start":{"line":110,"column":26},"end":{"line":110,"column":42}}}},"branchMap":{"0":{"loc":{"start":{"line":35,"column":4},"end":{"line":38,"column":5}},"type":"if","locations":[{"start":{"line":35,"column":4},"end":{"line":38,"column":5}}]},"1":{"loc":{"start":{"line":35,"column":8},"end":{"line":35,"column":30}},"type":"binary-expr","locations":[{"start":{"line":35,"column":8},"end":{"line":35,"column":17}},{"start":{"line":35,"column":21},"end":{"line":35,"column":30}}]},"2":{"loc":{"start":{"line":46,"column":18},"end":{"line":46,"column":69}},"type":"cond-expr","locations":[{"start":{"line":46,"column":57},"end":{"line":46,"column":61}},{"start":{"line":46,"column":64},"end":{"line":46,"column":69}}]},"3":{"loc":{"start":{"line":48,"column":6},"end":{"line":50,"column":7}},"type":"if","locations":[{"start":{"line":48,"column":6},"end":{"line":50,"column":7}}]},"4":{"loc":{"start":{"line":115,"column":13},"end":{"line":118,"column":null}},"type":"binary-expr","locations":[{"start":{"line":115,"column":13},"end":{"line":115,"column":18}},{"start":{"line":116,"column":14},"end":{"line":117,"column":null}}]}},"s":{"0":1,"1":1,"2":1,"3":1,"4":1,"5":1,"6":1,"7":1,"8":15,"9":15,"10":15,"11":15,"12":15,"13":15,"14":15,"15":15,"16":15,"17":15,"18":15,"19":15,"20":4,"21":4,"22":4,"23":1,"24":1,"25":3,"26":3,"27":2,"28":2,"29":2,"30":2,"31":2,"32":1,"33":1,"34":1,"35":15,"36":3,"37":3,"38":1},"f":{"0":15,"1":4,"2":4,"3":3,"4":3},"b":{"0":[1],"1":[4,3],"2":[2,0],"3":[2],"4":[15,2]}}
,"/Users/rmishra/Music _Player_App/auth/src/components/Singnup.tsx": {"path":"/Users/rmishra/Music _Player_App/auth/src/components/Singnup.tsx","statementMap":{"0":{"start":{"line":1,"column":0},"end":{"line":1,"column":40}},"1":{"start":{"line":2,"column":0},"end":{"line":2,"column":null}},"2":{"start":{"line":13,"column":0},"end":{"line":13,"column":64}},"3":{"start":{"line":14,"column":0},"end":{"line":14,"column":40}},"4":{"start":{"line":15,"column":0},"end":{"line":15,"column":66}},"5":{"start":{"line":16,"column":0},"end":{"line":16,"column":26}},"6":{"start":{"line":18,"column":14},"end":{"line":18,"column":27}},"7":{"start":{"line":24,"column":38},"end":{"line":155,"column":1}},"8":{"start":{"line":24,"column":54},"end":{"line":24,"column":56}},"9":{"start":{"line":25,"column":34},"end":{"line":30,"column":4}},"10":{"start":{"line":25,"column":17},"end":{"line":25,"column":19}},"11":{"start":{"line":25,"column":30},"end":{"line":25,"column":34}},"12":{"start":{"line":31,"column":28},"end":{"line":31,"column":57}},"13":{"start":{"line":31,"column":14},"end":{"line":31,"column":16}},"14":{"start":{"line":31,"column":24},"end":{"line":31,"column":28}},"15":{"start":{"line":33,"column":23},"end":{"line":38,"column":3}},"16":{"start":{"line":34,"column":4},"end":{"line":37,"column":7}},"17":{"start":{"line":40,"column":23},"end":{"line":51,"column":4}},"18":{"start":{"line":40,"column":48},"end":{"line":51,"column":4}},"19":{"start":{"line":41,"column":4},"end":{"line":41,"column":23}},"20":{"start":{"line":43,"column":23},"end":{"line":43,"column":null}},"21":{"start":{"line":43,"column":12},"end":{"line":43,"column":null}},"22":{"start":{"line":44,"column":6},"end":{"line":44,"column":75}},"23":{"start":{"line":45,"column":12},"end":{"line":45,"column":33}},"24":{"start":{"line":46,"column":6},"end":{"line":46,"column":54}},"25":{"start":{"line":46,"column":25},"end":{"line":46,"column":54}},"26":{"start":{"line":47,"column":6},"end":{"line":47,"column":43}},"27":{"start":{"line":49,"column":6},"end":{"line":49,"column":71}},"28":{"start":{"line":53,"column":2},"end":{"line":154,"column":4}},"29":{"start":{"line":157,"column":0},"end":{"line":157,"column":22}}},"fnMap":{"0":{"name":"(anonymous_25)","decl":{"start":{"line":24,"column":38},"end":{"line":24,"column":39}},"loc":{"start":{"line":24,"column":56},"end":{"line":155,"column":1}}},"1":{"name":"(anonymous_26)","decl":{"start":{"line":33,"column":23},"end":{"line":33,"column":24}},"loc":{"start":{"line":33,"column":62},"end":{"line":38,"column":3}}},"2":{"name":"(anonymous_27)","decl":{"start":{"line":40,"column":23},"end":{"line":40,"column":30}},"loc":{"start":{"line":40,"column":48},"end":{"line":51,"column":4}}},"3":{"name":"(anonymous_28)","decl":{"start":{"line":40,"column":48},"end":{"line":40,"column":null}},"loc":{"start":{"line":40,"column":48},"end":{"line":51,"column":4}}}},"branchMap":{"0":{"loc":{"start":{"line":46,"column":6},"end":{"line":46,"column":54}},"type":"if","locations":[{"start":{"line":46,"column":6},"end":{"line":46,"column":54}}]},"1":{"loc":{"start":{"line":49,"column":15},"end":{"line":49,"column":69}},"type":"binary-expr","locations":[{"start":{"line":49,"column":15},"end":{"line":49,"column":42}},{"start":{"line":49,"column":46},"end":{"line":49,"column":69}}]},"2":{"loc":{"start":{"line":49,"column":15},"end":{"line":49,"column":42}},"type":"cond-expr","locations":[{"start":{"line":49,"column":33},"end":{"line":49,"column":35}},{"start":{"line":49,"column":33},"end":{"line":49,"column":42}}]},"3":{"loc":{"start":{"line":49,"column":15},"end":{"line":49,"column":35}},"type":"binary-expr","locations":[{"start":{"line":49,"column":15},"end":{"line":49,"column":35}},{"start":{"line":49,"column":33},"end":{"line":49,"column":35}}]},"4":{"loc":{"start":{"line":49,"column":15},"end":{"line":49,"column":33}},"type":"cond-expr","locations":[{"start":{"line":49,"column":27},"end":{"line":49,"column":29}},{"start":{"line":49,"column":27},"end":{"line":49,"column":33}}]},"5":{"loc":{"start":{"line":49,"column":15},"end":{"line":49,"column":29}},"type":"binary-expr","locations":[{"start":{"line":49,"column":15},"end":{"line":49,"column":29}},{"start":{"line":49,"column":27},"end":{"line":49,"column":29}}]},"6":{"loc":{"start":{"line":133,"column":13},"end":{"line":133,"column":76}},"type":"binary-expr","locations":[{"start":{"line":133,"column":13},"end":{"line":133,"column":18}},{"start":{"line":133,"column":22},"end":{"line":133,"column":76}}]}},"s":{"0":1,"1":1,"2":1,"3":1,"4":1,"5":1,"6":1,"7":1,"8":14,"9":14,"10":14,"11":14,"12":14,"13":14,"14":14,"15":14,"16":8,"17":14,"18":3,"19":3,"20":3,"21":3,"22":2,"23":1,"24":1,"25":1,"26":1,"27":2,"28":14,"29":1},"f":{"0":14,"1":8,"2":3,"3":3},"b":{"0":[1],"1":[2,1],"2":[1,1],"3":[2,2],"4":[1,1],"5":[2,2],"6":[14,2]}}
}
