TN:
SF:src/components/Signin.tsx
FN:26,(anonymous_23)
FN:32,(anonymous_24)
FN:32,(anonymous_25)
FN:94,(anonymous_27)
FN:110,(anonymous_28)
FNF:5
FNH:5
FNDA:15,(anonymous_23)
FNDA:4,(anonymous_24)
FNDA:4,(anonymous_25)
FNDA:3,(anonymous_27)
FNDA:3,(anonymous_28)
DA:1,1
DA:2,1
DA:15,1
DA:16,1
DA:17,1
DA:18,1
DA:20,1
DA:26,15
DA:27,15
DA:28,15
DA:29,15
DA:30,15
DA:32,15
DA:33,4
DA:35,4
DA:36,1
DA:37,1
DA:41,3
DA:45,2
DA:46,2
DA:47,2
DA:48,2
DA:49,2
DA:52,1
DA:53,1
DA:54,1
DA:58,15
DA:94,3
DA:110,3
DA:148,1
LF:30
LH:30
BRDA:35,0,0,1
BRDA:35,1,0,4
BRDA:35,1,1,3
BRDA:46,2,0,2
BRDA:46,2,1,0
BRDA:48,3,0,2
BRDA:115,4,0,15
BRDA:115,4,1,2
BRF:8
BRH:7
end_of_record
TN:
SF:src/components/Singnup.tsx
FN:24,(anonymous_25)
FN:33,(anonymous_26)
FN:40,(anonymous_27)
FN:40,(anonymous_28)
FNF:4
FNH:4
FNDA:14,(anonymous_25)
FNDA:8,(anonymous_26)
FNDA:3,(anonymous_27)
FNDA:3,(anonymous_28)
DA:1,1
DA:2,1
DA:13,1
DA:14,1
DA:15,1
DA:16,1
DA:18,1
DA:24,14
DA:25,14
DA:31,14
DA:33,14
DA:34,8
DA:40,14
DA:41,3
DA:43,3
DA:44,2
DA:45,1
DA:46,1
DA:47,1
DA:49,2
DA:53,14
DA:157,1
LF:22
LH:22
BRDA:46,0,0,1
BRDA:49,1,0,2
BRDA:49,1,1,1
BRDA:49,2,0,1
BRDA:49,2,1,1
BRDA:49,3,0,2
BRDA:49,3,1,2
BRDA:49,4,0,1
BRDA:49,4,1,1
BRDA:49,5,0,2
BRDA:49,5,1,2
BRDA:133,6,0,14
BRDA:133,6,1,2
BRF:13
BRH:13
end_of_record
